Build started 2014/6/20 0:44:47.
     1>Project "F:\GitHub\GameServer\src\GameServer\GameServer\GameServer.vcxproj" on node 2 (build target(s)).
     1>InitializeBuildStatus:
         Creating "Debug\GameServer.unsuccessfulbuild" because "AlwaysCreate" was specified.
       ClCompile:
         D:\Program Files\Microsoft Visual Studio 10.0\VC\bin\CL.exe /c /I..\..\..\third_party\boost_1_52_0\boost /I..\..\..\third_party\boost_1_52_0\ /ZI /nologo /W3 /WX- /Od /Oy- /D _MBCS /Gm /EHsc /RTC1 /MDd /GS /fp:precise /Zc:wchar_t /Zc:forScope /Fo"Debug\\" /Fd"Debug\vc100.pdb" /Gd /TP /analyze- /errorReport:prompt Master.cpp main.cpp
         Master.cpp
         Generating Code...
         Skipping... (no relevant changes detected)
         main.cpp
       Link:
         D:\Program Files\Microsoft Visual Studio 10.0\VC\bin\link.exe /ERRORREPORT:PROMPT /OUT:"F:\GitHub\GameServer\src\GameServer\Debug\GameServer.exe" /NOLOGO kernel32.lib user32.lib gdi32.lib winspool.lib comdlg32.lib advapi32.lib shell32.lib ole32.lib oleaut32.lib uuid.lib odbc32.lib odbccp32.lib /MANIFEST /ManifestFile:"Debug\GameServer.exe.intermediate.manifest" /MANIFESTUAC:"level='asInvoker' uiAccess='false'" /DEBUG /PDB:"F:\GitHub\GameServer\src\GameServer\Debug\GameServer.pdb" /TLBID:1 /DYNAMICBASE /NXCOMPAT /IMPLIB:"F:\GitHub\GameServer\src\GameServer\Debug\GameServer.lib" /MACHINE:X86 Debug\main.obj
         Debug\Master.obj
         LINK : F:\GitHub\GameServer\src\GameServer\Debug\GameServer.exe not found or not built by the last incremental link; performing full link
            Creating library F:\GitHub\GameServer\src\GameServer\Debug\GameServer.lib and object F:\GitHub\GameServer\src\GameServer\Debug\GameServer.exp
         GameServer.vcxproj -> F:\GitHub\GameServer\src\GameServer\Debug\GameServer.exe
       Manifest:
         C:\Program Files\Microsoft SDKs\Windows\v7.0A\bin\mt.exe /nologo /verbose /outputresource:"F:\GitHub\GameServer\src\GameServer\Debug\GameServer.exe;#1" /manifest Debug\GameServer.exe.intermediate.manifest
       FinalizeBuildStatus:
         Deleting file "Debug\GameServer.unsuccessfulbuild".
         Touching "Debug\GameServer.lastbuildstate".
     1>Done Building Project "F:\GitHub\GameServer\src\GameServer\GameServer\GameServer.vcxproj" (build target(s)).

Build succeeded.

Time Elapsed 00:00:05.03
